build/app/intermediates/manifest_merge_blame_file/debug/manifest-merger-blame-debug-report.txt
1<?xml version="1.0" encoding="utf-8"?>
2<manifest xmlns:android="http://schemas.android.com/apk/res/android"
3    package="co.appbrewery.clima"
4    android:versionCode="1"
5    android:versionName="1.0.0" >
6
7    <uses-sdk
8        android:minSdkVersion="16"
9        android:targetSdkVersion="29" />
10    <!--
11         Flutter needs it to communicate with the running application
12         to allow setting breakpoints, to provide hot reload, etc.
13    -->
14    <uses-permission android:name="android.permission.INTERNET" />
14-->src/debug/AndroidManifest.xml:6:5-66
14-->src/debug/AndroidManifest.xml:6:22-64
15    <uses-permission android:name="android.permission.ACCESS_COARSE_LOCATION" />
15-->src/main/AndroidManifest.xml:4:5-81
15-->src/main/AndroidManifest.xml:4:22-78
16    <!--
17 io.flutter.app.FlutterApplication is an android.app.Application that
18         calls FlutterMain.startInitialization(this); in its onCreate method.
19         In most cases you can leave this as-is, but you if you want to provide
20         additional functionality it is fine to subclass or reimplement
21         FlutterApplication and put your custom class here.
22    -->
23    <application
23-->src/main/AndroidManifest.xml:11:5-37:19
24        android:appComponentFactory="androidx.core.app.CoreComponentFactory"
24-->[androidx.core:core:1.6.0] AndroidManifest.xml:24:18-86
25        android:debuggable="true"
26        android:icon="@mipmap/ic_launcher"
26-->src/main/AndroidManifest.xml:14:9-43
27        android:label="clima" >
27-->src/main/AndroidManifest.xml:13:9-30
28        <activity
28-->src/main/AndroidManifest.xml:15:9-33:20
29            android:name="co.appbrewery.clima.MainActivity"
29-->src/main/AndroidManifest.xml:16:13-41
30            android:configChanges="orientation|keyboardHidden|keyboard|screenSize|locale|layoutDirection|fontScale|screenLayout|density|uiMode"
30-->src/main/AndroidManifest.xml:19:13-144
31            android:hardwareAccelerated="true"
31-->src/main/AndroidManifest.xml:20:13-47
32            android:launchMode="singleTop"
32-->src/main/AndroidManifest.xml:17:13-43
33            android:theme="@style/LaunchTheme"
33-->src/main/AndroidManifest.xml:18:13-47
34            android:windowSoftInputMode="adjustResize" >
34-->src/main/AndroidManifest.xml:21:13-55
35
36            <!--
37                 This keeps the window background of the activity showing
38                 until Flutter renders its first frame. It can be removed if
39                 there is no splash screen (such as the default splash screen
40                 defined in @style/LaunchTheme).
41            -->
42            <meta-data
42-->src/main/AndroidManifest.xml:26:13-28:66
43                android:name="io.flutter.embedding.android.SplashScreenDrawable"
43-->src/main/AndroidManifest.xml:27:17-81
44                android:resource="@drawable/launch_background" />
44-->src/main/AndroidManifest.xml:28:17-63
45
46            <intent-filter>
46-->src/main/AndroidManifest.xml:29:13-32:29
47                <action android:name="android.intent.action.MAIN" />
47-->src/main/AndroidManifest.xml:30:17-68
47-->src/main/AndroidManifest.xml:30:25-66
48
49                <category android:name="android.intent.category.LAUNCHER" />
49-->src/main/AndroidManifest.xml:31:17-76
49-->src/main/AndroidManifest.xml:31:27-74
50            </intent-filter>
51        </activity>
52
53        <meta-data
53-->src/main/AndroidManifest.xml:34:9-36:33
54            android:name="flutterEmbedding"
54-->src/main/AndroidManifest.xml:35:13-44
55            android:value="2" />
55-->src/main/AndroidManifest.xml:36:13-30
56
57        <activity
57-->[com.google.android.gms:play-services-base:17.0.0] AndroidManifest.xml:23:9-26:75
58            android:name="com.google.android.gms.common.api.GoogleApiActivity"
58-->[com.google.android.gms:play-services-base:17.0.0] AndroidManifest.xml:24:13-79
59            android:exported="false"
59-->[com.google.android.gms:play-services-base:17.0.0] AndroidManifest.xml:25:13-37
60            android:theme="@android:style/Theme.Translucent.NoTitleBar" />
60-->[com.google.android.gms:play-services-base:17.0.0] AndroidManifest.xml:26:13-72
61
62        <meta-data
62-->[com.google.android.gms:play-services-basement:17.0.0] AndroidManifest.xml:23:9-25:69
63            android:name="com.google.android.gms.version"
63-->[com.google.android.gms:play-services-basement:17.0.0] AndroidManifest.xml:24:13-58
64            android:value="@integer/google_play_services_version" />
64-->[com.google.android.gms:play-services-basement:17.0.0] AndroidManifest.xml:25:13-66
65    </application>
66
67</manifest>